  [1m[36mSQL (0.2ms)[0m  [1m SELECT name
 FROM sqlite_master
 WHERE type = 'table' AND NOT name = 'sqlite_sequence'
[0m
  [1m[35mSQL (0.1ms)[0m  select sqlite_version(*)
  [1m[36mSQL (1.0ms)[0m  [1mCREATE TABLE "schema_migrations" ("version" varchar(255) NOT NULL) [0m
  [1m[35mSQL (0.0ms)[0m  PRAGMA index_list("schema_migrations")
  [1m[36mSQL (0.9ms)[0m  [1mCREATE UNIQUE INDEX "unique_schema_migrations" ON "schema_migrations" ("version")[0m
  [1m[35mSQL (0.1ms)[0m   SELECT name
 FROM sqlite_master
 WHERE type = 'table' AND NOT name = 'sqlite_sequence'
  [1m[36mSQL (0.1ms)[0m  [1m SELECT name
 FROM sqlite_master
 WHERE type = 'table' AND NOT name = 'sqlite_sequence'
[0m
  [1m[35mSQL (0.1ms)[0m  SELECT "schema_migrations"."version" FROM "schema_migrations"
Migrating to CreateQuestions (20101031200611)
  [1m[36mSQL (0.3ms)[0m  [1mCREATE TABLE "questions" ("id" INTEGER PRIMARY KEY AUTOINCREMENT NOT NULL, "user_id" integer NOT NULL, "text" text, "answered" boolean, "created_at" datetime, "updated_at" datetime) [0m
  [1m[35mSQL (0.1ms)[0m  INSERT INTO "schema_migrations" ("version") VALUES ('20101031200611')
Migrating to CreateAnswers (20101031200655)
  [1m[36mSQL (0.3ms)[0m  [1mCREATE TABLE "answers" ("id" INTEGER PRIMARY KEY AUTOINCREMENT NOT NULL, "user_id" integer NOT NULL, "question_id" integer NOT NULL, "text" text, "created_at" datetime, "updated_at" datetime) [0m
  [1m[35mSQL (0.1ms)[0m  INSERT INTO "schema_migrations" ("version") VALUES ('20101031200655')
Migrating to CreateUsers (20101031203901)
  [1m[36mSQL (0.3ms)[0m  [1mCREATE TABLE "users" ("id" INTEGER PRIMARY KEY AUTOINCREMENT NOT NULL, "login" varchar(255) NOT NULL, "email" varchar(255), "crypted_password" varchar(255) NOT NULL, "password_salt" varchar(255) NOT NULL, "persistence_token" varchar(255), "single_access_token" varchar(255), "perishable_token" varchar(255), "login_count" integer, "failed_login_count" integer, "last_request_at" datetime, "current_login_at" datetime, "last_login_at" datetime, "current_login_ip" varchar(255), "last_login_ip" varchar(255), "created_at" datetime, "updated_at" datetime) [0m
  [1m[35mSQL (0.1ms)[0m  INSERT INTO "schema_migrations" ("version") VALUES ('20101031203901')
Migrating to CreateUserSessions (20101031203948)
  [1m[36mSQL (0.2ms)[0m  [1mCREATE TABLE "user_sessions" ("id" INTEGER PRIMARY KEY AUTOINCREMENT NOT NULL, "session_id" varchar(255) NOT NULL, "data" text, "created_at" datetime, "updated_at" datetime) [0m
  [1m[35mSQL (0.0ms)[0m  PRAGMA index_list("user_sessions")
  [1m[36mSQL (0.1ms)[0m  [1mCREATE INDEX "index_user_sessions_on_session_id" ON "user_sessions" ("session_id")[0m
  [1m[35mSQL (0.1ms)[0m  PRAGMA index_list("user_sessions")
  [1m[36mSQL (0.0ms)[0m  [1mPRAGMA index_info('index_user_sessions_on_session_id')[0m
  [1m[35mSQL (0.1ms)[0m  CREATE INDEX "index_user_sessions_on_updated_at" ON "user_sessions" ("updated_at")
  [1m[36mSQL (0.1ms)[0m  [1mINSERT INTO "schema_migrations" ("version") VALUES ('20101031203948')[0m
Migrating to AddTopicToQuestion (20101109041612)
  [1m[35mSQL (0.3ms)[0m  ALTER TABLE "questions" ADD "topic" varchar(255)
  [1m[36mSQL (0.1ms)[0m  [1mINSERT INTO "schema_migrations" ("version") VALUES ('20101109041612')[0m
Migrating to AddHometownAndAgeToUser (20101218022422)
  [1m[35mSQL (0.3ms)[0m  ALTER TABLE "users" ADD "age" integer
  [1m[36mSQL (0.1ms)[0m  [1mALTER TABLE "users" ADD "hometown" varchar(255)[0m
  [1m[35mSQL (0.1ms)[0m  INSERT INTO "schema_migrations" ("version") VALUES ('20101218022422')
Migrating to AddNameToUser (20101218022839)
  [1m[36mSQL (0.3ms)[0m  [1mALTER TABLE "users" ADD "name" varchar(255)[0m
  [1m[35mSQL (0.1ms)[0m  INSERT INTO "schema_migrations" ("version") VALUES ('20101218022839')
Migrating to CreateVotesInitial (20101218053423)
  [1m[36mSQL (0.3ms)[0m  [1mCREATE TABLE "question_votes" ("id" INTEGER PRIMARY KEY AUTOINCREMENT NOT NULL, "question_id" integer, "user_id" integer, "upvote" boolean, "created_at" datetime, "updated_at" datetime) [0m
  [1m[35mSQL (0.1ms)[0m  INSERT INTO "schema_migrations" ("version") VALUES ('20101218053423')
Migrating to AddViewsToQuestions (20101218055507)
  [1m[36mSQL (0.3ms)[0m  [1mALTER TABLE "questions" ADD "views" integer[0m
  [1m[35mSQL (0.4ms)[0m  CREATE TEMPORARY TABLE "altered_questions" ("id" INTEGER PRIMARY KEY AUTOINCREMENT NOT NULL, "user_id" integer NOT NULL, "text" text, "answered" boolean, "created_at" datetime, "updated_at" datetime, "title" varchar(255), "views" integer) 
  [1m[36mSQL (0.0ms)[0m  [1mPRAGMA index_list("questions")[0m
  [1m[35mSQL (0.3ms)[0m  DROP TABLE "questions"
  [1m[36mSQL (0.2ms)[0m  [1mCREATE TABLE "questions" ("id" INTEGER PRIMARY KEY AUTOINCREMENT NOT NULL, "user_id" integer NOT NULL, "text" text, "answered" boolean, "created_at" datetime, "updated_at" datetime, "title" varchar(255), "views" integer) [0m
  [1m[35mSQL (0.0ms)[0m  PRAGMA index_list("altered_questions")
  [1m[36mSQL (0.3ms)[0m  [1mDROP TABLE "altered_questions"[0m
  [1m[35mSQL (0.1ms)[0m  INSERT INTO "schema_migrations" ("version") VALUES ('20101218055507')
Migrating to ViewsDefault (20101218055756)
  [1m[36mSQL (0.2ms)[0m  [1mCREATE TEMPORARY TABLE "altered_questions" ("id" INTEGER PRIMARY KEY AUTOINCREMENT NOT NULL, "user_id" integer NOT NULL, "text" text, "answered" boolean, "created_at" datetime, "updated_at" datetime, "title" varchar(255), "views" integer) [0m
  [1m[35mSQL (0.0ms)[0m  PRAGMA index_list("questions")
  [1m[36mSQL (0.3ms)[0m  [1mDROP TABLE "questions"[0m
  [1m[35mSQL (0.2ms)[0m  CREATE TABLE "questions" ("id" INTEGER PRIMARY KEY AUTOINCREMENT NOT NULL, "user_id" integer NOT NULL, "text" text, "answered" boolean, "created_at" datetime, "updated_at" datetime, "title" varchar(255), "views" integer DEFAULT 0 NOT NULL) 
  [1m[36mSQL (0.0ms)[0m  [1mPRAGMA index_list("altered_questions")[0m
  [1m[35mSQL (0.2ms)[0m  DROP TABLE "altered_questions"
  [1m[36mSQL (0.1ms)[0m  [1mINSERT INTO "schema_migrations" ("version") VALUES ('20101218055756')[0m
Migrating to RemoveAgeAddBirthdayToUser (20101218062324)
  [1m[35mSQL (0.2ms)[0m  CREATE TEMPORARY TABLE "altered_users" ("id" INTEGER PRIMARY KEY AUTOINCREMENT NOT NULL, "login" varchar(255) NOT NULL, "email" varchar(255), "crypted_password" varchar(255) NOT NULL, "password_salt" varchar(255) NOT NULL, "persistence_token" varchar(255), "single_access_token" varchar(255), "perishable_token" varchar(255), "login_count" integer, "failed_login_count" integer, "last_request_at" datetime, "current_login_at" datetime, "last_login_at" datetime, "current_login_ip" varchar(255), "last_login_ip" varchar(255), "created_at" datetime, "updated_at" datetime, "age" integer, "hometown" varchar(255), "name" varchar(255)) 
  [1m[36mSQL (0.0ms)[0m  [1mPRAGMA index_list("users")[0m
  [1m[35mSQL (0.5ms)[0m  DROP TABLE "users"
  [1m[36mSQL (0.2ms)[0m  [1mCREATE TABLE "users" ("id" INTEGER PRIMARY KEY AUTOINCREMENT NOT NULL, "login" varchar(255) NOT NULL, "email" varchar(255), "crypted_password" varchar(255) NOT NULL, "password_salt" varchar(255) NOT NULL, "persistence_token" varchar(255), "single_access_token" varchar(255), "perishable_token" varchar(255), "login_count" integer, "failed_login_count" integer, "last_request_at" datetime, "current_login_at" datetime, "last_login_at" datetime, "current_login_ip" varchar(255), "last_login_ip" varchar(255), "created_at" datetime, "updated_at" datetime, "hometown" varchar(255), "name" varchar(255)) [0m
  [1m[35mSQL (0.0ms)[0m  PRAGMA index_list("altered_users")
  [1m[36mSQL (0.1ms)[0m  [1mDROP TABLE "altered_users"[0m
  [1m[35mSQL (0.1ms)[0m  ALTER TABLE "users" ADD "birthday" date
  [1m[36mSQL (0.1ms)[0m  [1mINSERT INTO "schema_migrations" ("version") VALUES ('20101218062324')[0m
Migrating to ActsAsTaggableOnMigration (20101218095751)
  [1m[35mSQL (0.3ms)[0m  CREATE TABLE "tags" ("id" INTEGER PRIMARY KEY AUTOINCREMENT NOT NULL, "name" varchar(255)) 
  [1m[36mSQL (0.1ms)[0m  [1mCREATE TABLE "taggings" ("id" INTEGER PRIMARY KEY AUTOINCREMENT NOT NULL, "tag_id" integer, "taggable_id" integer, "taggable_type" varchar(255), "tagger_id" integer, "tagger_type" varchar(255), "context" varchar(255), "created_at" datetime) [0m
  [1m[35mSQL (0.0ms)[0m  PRAGMA index_list("taggings")
  [1m[36mSQL (0.1ms)[0m  [1mCREATE INDEX "index_taggings_on_tag_id" ON "taggings" ("tag_id")[0m
  [1m[35mSQL (0.1ms)[0m  PRAGMA index_list("taggings")
  [1m[36mSQL (0.0ms)[0m  [1mPRAGMA index_info('index_taggings_on_tag_id')[0m
  [1m[35mSQL (0.1ms)[0m  CREATE INDEX "index_taggings_on_taggable_id_and_taggable_type_and_context" ON "taggings" ("taggable_id", "taggable_type", "context")
  [1m[36mSQL (0.1ms)[0m  [1mINSERT INTO "schema_migrations" ("version") VALUES ('20101218095751')[0m
Migrating to ChangeUpvote (20101218195608)
  [1m[35mSQL (0.2ms)[0m  CREATE TEMPORARY TABLE "altered_question_votes" ("id" INTEGER PRIMARY KEY AUTOINCREMENT NOT NULL, "question_id" integer, "user_id" integer, "upvote" boolean, "created_at" datetime, "updated_at" datetime) 
  [1m[36mSQL (0.0ms)[0m  [1mPRAGMA index_list("question_votes")[0m
  [1m[35mSQL (0.4ms)[0m  DROP TABLE "question_votes"
  [1m[36mSQL (0.1ms)[0m  [1mCREATE TABLE "question_votes" ("id" INTEGER PRIMARY KEY AUTOINCREMENT NOT NULL, "question_id" integer, "user_id" integer, "created_at" datetime, "updated_at" datetime) [0m
  [1m[35mSQL (0.0ms)[0m  PRAGMA index_list("altered_question_votes")
  [1m[36mSQL (0.1ms)[0m  [1mDROP TABLE "altered_question_votes"[0m
  [1m[35mSQL (0.1ms)[0m  ALTER TABLE "question_votes" ADD "value" integer
  [1m[36mSQL (0.1ms)[0m  [1mINSERT INTO "schema_migrations" ("version") VALUES ('20101218195608')[0m
Migrating to CreateVotes (20101218230236)
  [1m[35mSQL (0.3ms)[0m  CREATE TABLE "votes" ("id" INTEGER PRIMARY KEY AUTOINCREMENT NOT NULL, "voteable_id" integer, "voteable_type" varchar(255), "user_id" integer, "value" integer, "created_at" datetime, "updated_at" datetime) 
  [1m[36mSQL (0.1ms)[0m  [1mINSERT INTO "schema_migrations" ("version") VALUES ('20101218230236')[0m
Migrating to AddScoreToAnswersAndQuestions (20101218233517)
  [1m[35mSQL (0.3ms)[0m  ALTER TABLE "questions" ADD "score" integer DEFAULT 0 NOT NULL
  [1m[36mSQL (0.2ms)[0m  [1mALTER TABLE "answers" ADD "score" integer DEFAULT 0 NOT NULL[0m
  [1m[35mSQL (0.1ms)[0m  INSERT INTO "schema_migrations" ("version") VALUES ('20101218233517')
Migrating to AddActiveAtToQuestions (20101219032348)
  [1m[36mSQL (0.3ms)[0m  [1mALTER TABLE "questions" ADD "active_at" datetime[0m
  [1m[35mSQL (0.1ms)[0m  INSERT INTO "schema_migrations" ("version") VALUES ('20101219032348')
Migrating to CreateBadges (20101219055601)
  [1m[36mSQL (0.3ms)[0m  [1mCREATE TABLE "badges" ("id" INTEGER PRIMARY KEY AUTOINCREMENT NOT NULL, "name" varchar(255), "user_id" integer, "created_at" datetime, "updated_at" datetime) [0m
  [1m[35mSQL (0.1ms)[0m  INSERT INTO "schema_migrations" ("version") VALUES ('20101219055601')
Migrating to CreateComments (20101219081426)
  [1m[36mSQL (0.3ms)[0m  [1mCREATE TABLE "comments" ("id" INTEGER PRIMARY KEY AUTOINCREMENT NOT NULL, "text" text, "question_id" integer, "created_at" datetime, "updated_at" datetime) [0m
  [1m[35mSQL (0.1ms)[0m  INSERT INTO "schema_migrations" ("version") VALUES ('20101219081426')
Migrating to AddUserIdToComment (20101219090057)
  [1m[36mSQL (0.6ms)[0m  [1mALTER TABLE "comments" ADD "user_id" integer[0m
  [1m[35mSQL (0.1ms)[0m  INSERT INTO "schema_migrations" ("version") VALUES ('20101219090057')
  [1m[36mSQL (0.2ms)[0m  [1m SELECT name
 FROM sqlite_master
 WHERE type = 'table' AND NOT name = 'sqlite_sequence'
[0m
  [1m[35mSQL (0.2ms)[0m  SELECT "schema_migrations"."version" FROM "schema_migrations"
  [1m[36mSQL (0.2ms)[0m  [1m SELECT name
 FROM sqlite_master
 WHERE type = 'table' AND NOT name = 'sqlite_sequence'
[0m
  [1m[35mSQL (0.0ms)[0m  PRAGMA index_list("answers")
  [1m[36mSQL (0.0ms)[0m  [1mPRAGMA index_list("badges")[0m
  [1m[35mSQL (0.0ms)[0m  PRAGMA index_list("comments")
  [1m[36mSQL (0.0ms)[0m  [1mPRAGMA index_list("question_votes")[0m
  [1m[35mSQL (0.0ms)[0m  PRAGMA index_list("questions")
  [1m[36mSQL (0.1ms)[0m  [1mPRAGMA index_list("taggings")[0m
  [1m[35mSQL (0.1ms)[0m  PRAGMA index_info('index_taggings_on_taggable_id_and_taggable_type_and_context')
  [1m[36mSQL (0.0ms)[0m  [1mPRAGMA index_info('index_taggings_on_tag_id')[0m
  [1m[35mSQL (0.0ms)[0m  PRAGMA index_list("tags")
  [1m[36mSQL (0.1ms)[0m  [1mPRAGMA index_list("user_sessions")[0m
  [1m[35mSQL (0.0ms)[0m  PRAGMA index_info('index_user_sessions_on_updated_at')
  [1m[36mSQL (0.0ms)[0m  [1mPRAGMA index_info('index_user_sessions_on_session_id')[0m
  [1m[35mSQL (0.0ms)[0m  PRAGMA index_list("users")
  [1m[36mSQL (0.0ms)[0m  [1mPRAGMA index_list("votes")[0m


Started GET "/" for 127.0.0.1 at Mon Jun 20 15:45:14 -0700 2011
DEPRECATION WARNING: Setting filter_parameter_logging in ActionController is deprecated and has no longer effect, please set 'config.filter_parameters' in config/application.rb instead. (called from /Users/jclem/rails_projects/hookupify/app/controllers/application_controller.rb:5)
  Processing by QuestionsController#index as HTML
  [1m[36mSQL (0.6ms)[0m  [1m SELECT name
 FROM sqlite_master
 WHERE type = 'table' AND NOT name = 'sqlite_sequence'
[0m
  [1m[35mSQL (0.3ms)[0m   SELECT name
 FROM sqlite_master
 WHERE type = 'table' AND NOT name = 'sqlite_sequence'
  [1m[36mQuestion Load (0.1ms)[0m  [1mSELECT "questions".* FROM "questions" ORDER BY created_at DESC[0m
Rendered questions/index.html.erb within layouts/application (33.5ms)
Completed 200 OK in 137ms (Views: 37.9ms | ActiveRecord: 1.0ms)


Started GET "/" for 127.0.0.1 at Mon Jun 20 15:54:59 -0700 2011
DEPRECATION WARNING: Setting filter_parameter_logging in ActionController is deprecated and has no longer effect, please set 'config.filter_parameters' in config/application.rb instead. (called from /Users/jclem/rails_projects/hookupify/app/controllers/application_controller.rb:5)
  Processing by QuestionsController#index as HTML
  [1m[36mSQL (0.6ms)[0m  [1m SELECT name
 FROM sqlite_master
 WHERE type = 'table' AND NOT name = 'sqlite_sequence'
[0m
  [1m[35mSQL (0.3ms)[0m   SELECT name
 FROM sqlite_master
 WHERE type = 'table' AND NOT name = 'sqlite_sequence'
  [1m[36mQuestion Load (0.1ms)[0m  [1mSELECT "questions".* FROM "questions" ORDER BY created_at DESC[0m
Rendered questions/index.html.erb within layouts/application (32.4ms)
Completed 200 OK in 136ms (Views: 36.6ms | ActiveRecord: 1.1ms)
